This is pdfTeX, Version 3.141592653-2.6-1.40.25 (MiKTeX 24.1) (preloaded format=pdflatex 2025.1.2)  3 JAN 2025 20:26
entering extended mode
 restricted \write18 enabled.
 file:line:error style messages enabled.
 %&-line parsing enabled.
**c:/Users/Finja/Documents/Masterarbeit-FW/LatexProjekt/main.tex
(c:/Users/Finja/Documents/Masterarbeit-FW/LatexProjekt/main.tex
LaTeX2e <2023-11-01> patch level 1
L3 programming layer <2024-01-04>
(C:\Users\Finja\AppData\Local\Programs\MiKTeX\tex/latex/koma-script\scrbook.cls
Document Class: scrbook 2024/10/24 v3.43 KOMA-Script document class (book)
(C:\Users\Finja\AppData\Local\Programs\MiKTeX\tex/latex/koma-script\scrkbase.sty
Package: scrkbase 2024/10/24 v3.43 KOMA-Script package (KOMA-Script-dependent basics and keyval usage)
 (C:\Users\Finja\AppData\Local\Programs\MiKTeX\tex/latex/koma-script\scrbase.sty
Package: scrbase 2024/10/24 v3.43 KOMA-Script package (KOMA-Script-independent basics and keyval usage)
 (C:\Users\Finja\AppData\Local\Programs\MiKTeX\tex/latex/koma-script\scrlfile.sty
Package: scrlfile 2024/10/24 v3.43 KOMA-Script package (file load hooks)
 (C:\Users\Finja\AppData\Local\Programs\MiKTeX\tex/latex/koma-script\scrlfile-hook.sty
Package: scrlfile-hook 2024/10/24 v3.43 KOMA-Script package (using LaTeX hooks)
 (C:\Users\Finja\AppData\Local\Programs\MiKTeX\tex/latex/koma-script\scrlogo.sty
Package: scrlogo 2024/10/24 v3.43 KOMA-Script package (logo)
))) (C:\Users\Finja\AppData\Local\Programs\MiKTeX\tex/latex/graphics\keyval.sty
Package: keyval 2022/05/29 v1.15 key=value parser (DPC)
\KV@toks@=\toks17
)
Applying: [2021/05/01] Usage of raw or classic option list on input line 254.
Already applied: [0000/00/00] Usage of raw or classic option list on input line 370.
)) (C:\Users\Finja\AppData\Local\Programs\MiKTeX\tex/latex/koma-script\tocbasic.sty
Package: tocbasic 2024/10/24 v3.43 KOMA-Script package (handling toc-files)
\scr@dte@tocline@numberwidth=\skip48
\scr@dte@tocline@numbox=\box51
)
Package tocbasic Info: omitting babel extension for `toc'
(tocbasic)             because of feature `nobabel' available
(tocbasic)             for `toc' on input line 137.
Class scrbook Info: You've used standard option `oneside'.
(scrbook)           This is correct!
(scrbook)           Internally I'm using `twoside=false'.
(scrbook)           If you'd like to set the option with \KOMAoptions,
(scrbook)           you'd have to use `twoside=false' there
(scrbook)           instead of `oneside', too.
Class scrbook Info: File `scrsize11pt.clo' used instead of
(scrbook)           file `scrsize11.clo' to setup font sizes on input line 2716.
 (C:\Users\Finja\AppData\Local\Programs\MiKTeX\tex/latex/koma-script\scrsize11pt.clo
File: scrsize11pt.clo 2024/10/24 v3.43 KOMA-Script font size class option (11pt)
) (C:\Users\Finja\AppData\Local\Programs\MiKTeX\tex/latex/koma-script\typearea.sty
Package: typearea 2024/10/24 v3.43 KOMA-Script package (type area)
\ta@bcor=\skip49
\ta@div=\count187
Package typearea Info: You've used standard option `oneside'.
(typearea)             This is correct!
(typearea)             Internally I'm using `twoside=false'.
(typearea)             If you'd like to set the option with \KOMAoptions,
(typearea)             you'd have to use `twoside=false' there
(typearea)             instead of `oneside', too.
\ta@hblk=\skip50
\ta@vblk=\skip51
\ta@temp=\skip52
\footheight=\skip53
Package typearea Info: These are the values describing the layout:
(typearea)             DIV  = 10
(typearea)             BCOR = 0.0pt
(typearea)             \paperwidth      = 597.50793pt
(typearea)              \textwidth      = 418.25555pt
(typearea)              DIV departure   = -6%
(typearea)              \evensidemargin = 17.3562pt
(typearea)              \oddsidemargin  = 17.3562pt
(typearea)             \paperheight     = 845.04694pt
(typearea)              \textheight     = 555.00024pt
(typearea)              \topmargin      = 12.2347pt
(typearea)              \headheight     = 17.0pt
(typearea)              \headsep        = 20.40001pt
(typearea)              \topskip        = 11.0pt
(typearea)              \footskip       = 47.6pt
(typearea)              \baselineskip   = 13.6pt
(typearea)              on input line 1802.
)
\c@part=\count188
\c@chapter=\count189
\c@section=\count190
\c@subsection=\count191
\c@subsubsection=\count192
\c@paragraph=\count193
\c@subparagraph=\count194
\scr@dte@chapter@maxnumwidth=\skip54
Class scrbook Info: using compatibility default `afterindent=bysign'
(scrbook)           for `\chapter on input line 6016.
\scr@dte@section@maxnumwidth=\skip55
Class scrbook Info: using compatibility default `runin=bysign'
(scrbook)           for `\section on input line 6027.
Class scrbook Info: using compatibility default `afterindent=bysign'
(scrbook)           for `\section on input line 6027.
\scr@dte@part@maxnumwidth=\skip56
Class scrbook Info: using compatibility default `afterindent=true'
(scrbook)           for `\part on input line 6036.
\scr@dte@subsection@maxnumwidth=\skip57
Class scrbook Info: using compatibility default `runin=bysign'
(scrbook)           for `\subsection on input line 6046.
Class scrbook Info: using compatibility default `afterindent=bysign'
(scrbook)           for `\subsection on input line 6046.
\scr@dte@subsubsection@maxnumwidth=\skip58
Class scrbook Info: using compatibility default `runin=bysign'
(scrbook)           for `\subsubsection on input line 6056.
Class scrbook Info: using compatibility default `afterindent=bysign'
(scrbook)           for `\subsubsection on input line 6056.
\scr@dte@paragraph@maxnumwidth=\skip59
Class scrbook Info: using compatibility default `runin=bysign'
(scrbook)           for `\paragraph on input line 6067.
Class scrbook Info: using compatibility default `afterindent=bysign'
(scrbook)           for `\paragraph on input line 6067.
\scr@dte@subparagraph@maxnumwidth=\skip60
Class scrbook Info: using compatibility default `runin=bysign'
(scrbook)           for `\subparagraph on input line 6077.
Class scrbook Info: using compatibility default `afterindent=bysign'
(scrbook)           for `\subparagraph on input line 6077.
\abovecaptionskip=\skip61
\belowcaptionskip=\skip62
\c@pti@nb@sid@b@x=\box52
Package tocbasic Info: omitting babel extension for `lof'
(tocbasic)             because of feature `nobabel' available
(tocbasic)             for `lof' on input line 7271.
\scr@dte@figure@maxnumwidth=\skip63
\c@figure=\count195
Package tocbasic Info: omitting babel extension for `lot'
(tocbasic)             because of feature `nobabel' available
(tocbasic)             for `lot' on input line 7288.
\scr@dte@table@maxnumwidth=\skip64
\c@table=\count196
Class scrbook Info: Redefining `\numberline' on input line 7459.
\bibindent=\dimen140
) (packages.tex (C:\Users\Finja\AppData\Local\Programs\MiKTeX\tex/latex/base\inputenc.sty
Package: inputenc 2021/02/14 v1.3d Input encoding file
\inpenc@prehook=\toks18
\inpenc@posthook=\toks19
) (C:\Users\Finja\AppData\Local\Programs\MiKTeX\tex/latex/base\fontenc.sty
Package: fontenc 2021/04/29 v2.0v Standard LaTeX package
) (C:\Users\Finja\AppData\Local\Programs\MiKTeX\tex/latex/lm\lmodern.sty
Package: lmodern 2015/05/01 v1.6.1 Latin Modern Fonts
LaTeX Font Info:    Overwriting symbol font `operators' in version `normal'
(Font)                  OT1/cmr/m/n --> OT1/lmr/m/n on input line 22.
LaTeX Font Info:    Overwriting symbol font `letters' in version `normal'
(Font)                  OML/cmm/m/it --> OML/lmm/m/it on input line 23.
LaTeX Font Info:    Overwriting symbol font `symbols' in version `normal'
(Font)                  OMS/cmsy/m/n --> OMS/lmsy/m/n on input line 24.
LaTeX Font Info:    Overwriting symbol font `largesymbols' in version `normal'
(Font)                  OMX/cmex/m/n --> OMX/lmex/m/n on input line 25.
LaTeX Font Info:    Overwriting symbol font `operators' in version `bold'
(Font)                  OT1/cmr/bx/n --> OT1/lmr/bx/n on input line 26.
LaTeX Font Info:    Overwriting symbol font `letters' in version `bold'
(Font)                  OML/cmm/b/it --> OML/lmm/b/it on input line 27.
LaTeX Font Info:    Overwriting symbol font `symbols' in version `bold'
(Font)                  OMS/cmsy/b/n --> OMS/lmsy/b/n on input line 28.
LaTeX Font Info:    Overwriting symbol font `largesymbols' in version `bold'
(Font)                  OMX/cmex/m/n --> OMX/lmex/m/n on input line 29.
LaTeX Font Info:    Overwriting math alphabet `\mathbf' in version `normal'
(Font)                  OT1/cmr/bx/n --> OT1/lmr/bx/n on input line 31.
LaTeX Font Info:    Overwriting math alphabet `\mathsf' in version `normal'
(Font)                  OT1/cmss/m/n --> OT1/lmss/m/n on input line 32.
LaTeX Font Info:    Overwriting math alphabet `\mathit' in version `normal'
(Font)                  OT1/cmr/m/it --> OT1/lmr/m/it on input line 33.
LaTeX Font Info:    Overwriting math alphabet `\mathtt' in version `normal'
(Font)                  OT1/cmtt/m/n --> OT1/lmtt/m/n on input line 34.
LaTeX Font Info:    Overwriting math alphabet `\mathbf' in version `bold'
(Font)                  OT1/cmr/bx/n --> OT1/lmr/bx/n on input line 35.
LaTeX Font Info:    Overwriting math alphabet `\mathsf' in version `bold'
(Font)                  OT1/cmss/bx/n --> OT1/lmss/bx/n on input line 36.
LaTeX Font Info:    Overwriting math alphabet `\mathit' in version `bold'
(Font)                  OT1/cmr/bx/it --> OT1/lmr/bx/it on input line 37.
LaTeX Font Info:    Overwriting math alphabet `\mathtt' in version `bold'
(Font)                  OT1/cmtt/m/n --> OT1/lmtt/m/n on input line 38.
) (C:\Users\Finja\AppData\Local\Programs\MiKTeX\tex/generic/babel\babel.sty
Package: babel 2024/01/07 v24.1 The Babel package
\babel@savecnt=\count197
\U@D=\dimen141
\l@unhyphenated=\language79
 (C:\Users\Finja\AppData\Local\Programs\MiKTeX\tex/generic/babel\txtbabel.def)
\bbl@readstream=\read2
\bbl@dirlevel=\count198

*************************************
* Local config file bblopts.cfg used
*
(C:\Users\Finja\AppData\Local\Programs\MiKTeX\tex/latex/arabi\bblopts.cfg
File: bblopts.cfg 2005/09/08 v0.1 add Arabic and Farsi to "declared" options of babel
) (C:\Users\Finja\AppData\Local\Programs\MiKTeX\tex/latex/babel-german\ngerman.ldf
Language: ngerman 2024/12/10 v2.15 German support for babel (post-1996 orthography)
 (C:\Users\Finja\AppData\Local\Programs\MiKTeX\tex/latex/babel-german\ngermanb.ldf
Language: ngermanb 2024/12/10 v2.15 German support for babel (post-1996 orthography)
Package babel Info: Making " an active character on input line 122.
))) (C:\Users\Finja\AppData\Local\Programs\MiKTeX\tex/generic/babel/locale/de\babel-ngerman.tex
Package babel Info: Importing font and identification data for ngerman
(babel)             from babel-de.ini. Reported on input line 11.
) (C:\Users\Finja\AppData\Local\Programs\MiKTeX\tex/latex/graphics\graphicx.sty
Package: graphicx 2021/09/16 v1.2d Enhanced LaTeX Graphics (DPC,SPQR)
 (C:\Users\Finja\AppData\Local\Programs\MiKTeX\tex/latex/graphics\graphics.sty
Package: graphics 2022/03/10 v1.4e Standard LaTeX Graphics (DPC,SPQR)
 (C:\Users\Finja\AppData\Local\Programs\MiKTeX\tex/latex/graphics\trig.sty
Package: trig 2021/08/11 v1.11 sin cos tan (DPC)
) (C:\Users\Finja\AppData\Local\Programs\MiKTeX\tex/latex/graphics-cfg\graphics.cfg
File: graphics.cfg 2016/06/04 v1.11 sample graphics configuration
)
Package graphics Info: Driver file: pdftex.def on input line 107.
 (C:\Users\Finja\AppData\Local\Programs\MiKTeX\tex/latex/graphics-def\pdftex.def
File: pdftex.def 2022/09/22 v1.2b Graphics/color driver for pdftex
))
\Gin@req@height=\dimen142
\Gin@req@width=\dimen143
) (C:\Users\Finja\AppData\Local\Programs\MiKTeX\tex/latex/caption\subcaption.sty
Package: subcaption 2023/07/28 v1.6b Sub-captions (AR)
 (C:\Users\Finja\AppData\Local\Programs\MiKTeX\tex/latex/caption\caption.sty
Package: caption 2023/08/05 v3.6o Customizing captions (AR)
 (C:\Users\Finja\AppData\Local\Programs\MiKTeX\tex/latex/caption\caption3.sty
Package: caption3 2023/07/31 v2.4d caption3 kernel (AR)
\caption@tempdima=\dimen144
\captionmargin=\dimen145
\caption@leftmargin=\dimen146
\caption@rightmargin=\dimen147
\caption@width=\dimen148
\caption@indent=\dimen149
\caption@parindent=\dimen150
\caption@hangindent=\dimen151
Package caption Info: KOMA-Script document class detected.
 (C:\Users\Finja\AppData\Local\Programs\MiKTeX\tex/latex/caption\caption-koma.sto
File: caption-koma.sto 2023/09/08 v2.0e Adaption of the caption package to the KOMA-Script document classes (AR)
))
\c@caption@flags=\count199
\c@continuedfloat=\count266
Package caption Info: KOMA-Script scrextend package detected.
\caption@addmargin@hsize=\dimen152
\caption@addmargin@linewidth=\dimen153
)
Package caption Info: New subtype `subfigure' on input line 238.
\c@subfigure=\count267
Package caption Info: New subtype `subtable' on input line 238.
\c@subtable=\count268
) (C:\Users\Finja\AppData\Local\Programs\MiKTeX\tex/latex/anyfontsize\anyfontsize.sty
Package: anyfontsize 2007/11/22 anyfontsize.sty by pts
) (C:\Users\Finja\AppData\Local\Programs\MiKTeX\tex/latex/koma-script\scrlayer-scrpage.sty
Package: scrlayer-scrpage 2024/10/24 v3.43 KOMA-Script package (end user interface for scrlayer)
 (C:\Users\Finja\AppData\Local\Programs\MiKTeX\tex/latex/koma-script\scrlayer.sty
Package: scrlayer 2024/10/24 v3.43 KOMA-Script package (defining layers and page styles)
Package scrlayer Info: patching LaTeX kernel macro \pagestyle on input line 2182.
)
Package scrlayer-scrpage Info: Makeing stand-alone element `pagehead' from
(scrlayer-scrpage)             alias to `pageheadfoot' on input line 1106.
) (C:\Users\Finja\AppData\Local\Programs\MiKTeX\tex/latex/enumitem\enumitem.sty
Package: enumitem 2019/06/20 v3.9 Customized lists
\labelindent=\skip65
\enit@outerparindent=\dimen154
\enit@toks=\toks20
\enit@inbox=\box53
\enit@count@id=\count269
\enitdp@description=\count270
) (C:\Users\Finja\AppData\Local\Programs\MiKTeX\tex/latex/apacite\apacite.sty
Package: apacite 2013/07/21 v6.03 APA citation
\c@BibCnt=\count271
\bibleftmargin=\skip66
\bibindent=\skip67
\bibparsep=\skip68
\bibitemsep=\skip69
\biblabelsep=\skip70
) (C:\Users\Finja\AppData\Local\Programs\MiKTeX\tex/latex/natbib\natbib.sty
Package: natbib 2010/09/13 8.31b (PWD, AO)
\bibhang=\skip71
\bibsep=\skip72
LaTeX Info: Redefining \cite on input line 694.
LaTeX Info: Redefining \citeauthor on input line 712.
LaTeX Info: Redefining \citeyear on input line 735.
\c@NAT@ctr=\count272
) (C:\Users\Finja\AppData\Local\Programs\MiKTeX\tex/latex/citeref\citeref.sty
Package: citeref 1999/27/05

Package citeref v1.1 <1999/27/05> (Bjoern Briel)
) (C:\Users\Finja\AppData\Local\Programs\MiKTeX\tex/latex/hyperref\hyperref.sty
Package: hyperref 2023-11-26 v7.01g Hypertext links for LaTeX
 (C:\Users\Finja\AppData\Local\Programs\MiKTeX\tex/generic/iftex\iftex.sty
Package: iftex 2022/02/03 v1.0f TeX engine tests
) (C:\Users\Finja\AppData\Local\Programs\MiKTeX\tex/generic/infwarerr\infwarerr.sty
Package: infwarerr 2019/12/03 v1.5 Providing info/warning/error messages (HO)
) (C:\Users\Finja\AppData\Local\Programs\MiKTeX\tex/latex/kvsetkeys\kvsetkeys.sty
Package: kvsetkeys 2022-10-05 v1.19 Key value parser (HO)
) (C:\Users\Finja\AppData\Local\Programs\MiKTeX\tex/generic/kvdefinekeys\kvdefinekeys.sty
Package: kvdefinekeys 2019-12-19 v1.6 Define keys (HO)
) (C:\Users\Finja\AppData\Local\Programs\MiKTeX\tex/generic/pdfescape\pdfescape.sty
Package: pdfescape 2019/12/09 v1.15 Implements pdfTeX's escape features (HO)
 (C:\Users\Finja\AppData\Local\Programs\MiKTeX\tex/generic/ltxcmds\ltxcmds.sty
Package: ltxcmds 2023-12-04 v1.26 LaTeX kernel commands for general use (HO)
) (C:\Users\Finja\AppData\Local\Programs\MiKTeX\tex/generic/pdftexcmds\pdftexcmds.sty
Package: pdftexcmds 2020-06-27 v0.33 Utility functions of pdfTeX for LuaTeX (HO)
Package pdftexcmds Info: \pdf@primitive is available.
Package pdftexcmds Info: \pdf@ifprimitive is available.
Package pdftexcmds Info: \pdfdraftmode found.
)) (C:\Users\Finja\AppData\Local\Programs\MiKTeX\tex/latex/hycolor\hycolor.sty
Package: hycolor 2020-01-27 v1.10 Color options for hyperref/bookmark (HO)
) (C:\Users\Finja\AppData\Local\Programs\MiKTeX\tex/latex/letltxmacro\letltxmacro.sty
Package: letltxmacro 2019/12/03 v1.6 Let assignment for LaTeX macros (HO)
) (C:\Users\Finja\AppData\Local\Programs\MiKTeX\tex/latex/auxhook\auxhook.sty
Package: auxhook 2019-12-17 v1.6 Hooks for auxiliary files (HO)
) (C:\Users\Finja\AppData\Local\Programs\MiKTeX\tex/latex/hyperref\nameref.sty
Package: nameref 2023-11-26 v2.56 Cross-referencing by name of section
 (C:\Users\Finja\AppData\Local\Programs\MiKTeX\tex/latex/refcount\refcount.sty
Package: refcount 2019/12/15 v3.6 Data extraction from label references (HO)
) (C:\Users\Finja\AppData\Local\Programs\MiKTeX\tex/generic/gettitlestring\gettitlestring.sty
Package: gettitlestring 2019/12/15 v1.6 Cleanup title references (HO)
 (C:\Users\Finja\AppData\Local\Programs\MiKTeX\tex/latex/kvoptions\kvoptions.sty
Package: kvoptions 2022-06-15 v3.15 Key value format for package options (HO)
))
\c@section@level=\count273
) (C:\Users\Finja\AppData\Local\Programs\MiKTeX\tex/latex/etoolbox\etoolbox.sty
Package: etoolbox 2020/10/05 v2.5k e-TeX tools for LaTeX (JAW)
\etb@tempcnta=\count274
)
\@linkdim=\dimen155
\Hy@linkcounter=\count275
\Hy@pagecounter=\count276
 (C:\Users\Finja\AppData\Local\Programs\MiKTeX\tex/latex/hyperref\pd1enc.def
File: pd1enc.def 2023-11-26 v7.01g Hyperref: PDFDocEncoding definition (HO)
Now handling font encoding PD1 ...
... no UTF-8 mapping file for font encoding PD1
) (C:\Users\Finja\AppData\Local\Programs\MiKTeX\tex/generic/intcalc\intcalc.sty
Package: intcalc 2019/12/15 v1.3 Expandable calculations with integers (HO)
)
\Hy@SavedSpaceFactor=\count277
 (C:\Users\Finja\AppData\Local\Programs\MiKTeX\tex/latex/hyperref\puenc.def
File: puenc.def 2023-11-26 v7.01g Hyperref: PDF Unicode definition (HO)
Now handling font encoding PU ...
... no UTF-8 mapping file for font encoding PU
)
Package hyperref Info: Hyper figures OFF on input line 4181.
Package hyperref Info: Link nesting OFF on input line 4186.
Package hyperref Info: Hyper index ON on input line 4189.
Package hyperref Info: Plain pages OFF on input line 4196.
Package hyperref Info: Backreferencing OFF on input line 4201.
Package hyperref Info: Implicit mode ON; LaTeX internals redefined.
Package hyperref Info: Bookmarks ON on input line 4448.
\c@Hy@tempcnt=\count278
 (C:\Users\Finja\AppData\Local\Programs\MiKTeX\tex/latex/url\url.sty
\Urlmuskip=\muskip16
Package: url 2013/09/16  ver 3.4  Verb mode for urls, etc.
)
LaTeX Info: Redefining \url on input line 4786.
\XeTeXLinkMargin=\dimen156
 (C:\Users\Finja\AppData\Local\Programs\MiKTeX\tex/generic/bitset\bitset.sty
Package: bitset 2019/12/09 v1.3 Handle bit-vector datatype (HO)
 (C:\Users\Finja\AppData\Local\Programs\MiKTeX\tex/generic/bigintcalc\bigintcalc.sty
Package: bigintcalc 2019/12/15 v1.5 Expandable calculations on big integers (HO)
))
\Fld@menulength=\count279
\Field@Width=\dimen157
\Fld@charsize=\dimen158
Package hyperref Info: Hyper figures OFF on input line 6065.
Package hyperref Info: Link nesting OFF on input line 6070.
Package hyperref Info: Hyper index ON on input line 6073.
Package hyperref Info: backreferencing OFF on input line 6080.
Package hyperref Info: Link coloring OFF on input line 6085.
Package hyperref Info: Link coloring with OCG OFF on input line 6090.
Package hyperref Info: PDF/A mode OFF on input line 6095.
 (C:\Users\Finja\AppData\Local\Programs\MiKTeX\tex/latex/base\atbegshi-ltx.sty
Package: atbegshi-ltx 2021/01/10 v1.0c Emulation of the original atbegshi
package with kernel methods
)
\Hy@abspage=\count280
\c@Item=\count281
\c@Hfootnote=\count282
)
Package hyperref Info: Driver (autodetected): hpdftex.
 (C:\Users\Finja\AppData\Local\Programs\MiKTeX\tex/latex/hyperref\hpdftex.def
File: hpdftex.def 2023-11-26 v7.01g Hyperref driver for pdfTeX
 (C:\Users\Finja\AppData\Local\Programs\MiKTeX\tex/latex/base\atveryend-ltx.sty
Package: atveryend-ltx 2020/08/19 v1.0a Emulation of the original atveryend package
with kernel methods
)
\Fld@listcount=\count283
\c@bookmark@seq@number=\count284
 (C:\Users\Finja\AppData\Local\Programs\MiKTeX\tex/latex/rerunfilecheck\rerunfilecheck.sty
Package: rerunfilecheck 2022-07-10 v1.10 Rerun checks for auxiliary files (HO)
 (C:\Users\Finja\AppData\Local\Programs\MiKTeX\tex/generic/uniquecounter\uniquecounter.sty
Package: uniquecounter 2019/12/15 v1.4 Provide unlimited unique counter (HO)
)
Package uniquecounter Info: New unique counter `rerunfilecheck' on input line 285.
)
\Hy@SectionHShift=\skip73
) (C:\Users\Finja\AppData\Local\Programs\MiKTeX\tex/latex/glossaries/base\glossaries.sty
Package: glossaries 2024/11/01 v4.55 (NLCT)
 (C:\Users\Finja\AppData\Local\Programs\MiKTeX\tex/latex/base\ifthen.sty
Package: ifthen 2022/04/13 v1.1d Standard LaTeX ifthen package (DPC)
) (C:\Users\Finja\AppData\Local\Programs\MiKTeX\tex/latex/xkeyval\xkeyval.sty
Package: xkeyval 2022/06/16 v2.9 package option processing (HA)
 (C:\Users\Finja\AppData\Local\Programs\MiKTeX\tex/generic/xkeyval\xkeyval.tex (C:\Users\Finja\AppData\Local\Programs\MiKTeX\tex/generic/xkeyval\xkvutils.tex
\XKV@toks=\toks21
\XKV@tempa@toks=\toks22
)
\XKV@depth=\count285
File: xkeyval.tex 2014/12/03 v2.7a key=value parser (HA)
)) (C:\Users\Finja\AppData\Local\Programs\MiKTeX\tex/latex/mfirstuc\mfirstuc.sty
Package: mfirstuc 2022/10/14 v2.08 (NLCT)
\@glsmfirst=\toks23
\@glsmrest=\toks24
) (C:\Users\Finja\AppData\Local\Programs\MiKTeX\tex/latex/xfor\xfor.sty
Package: xfor 2009/02/05 v1.05 (NLCT)
) (C:\Users\Finja\AppData\Local\Programs\MiKTeX\tex/latex/amsmath\amsgen.sty
File: amsgen.sty 1999/11/30 v2.0 generic functions
\@emptytoks=\toks25
\ex@=\dimen159
) (C:\Users\Finja\AppData\Local\Programs\MiKTeX\tex/latex/tracklang\tracklang.sty
Package: tracklang 2022/12/13 v1.6.1 (NLCT) Track Languages
 (C:\Users\Finja\AppData\Local\Programs\MiKTeX\tex/generic/tracklang\tracklang.tex)) (C:\Users\Finja\AppData\Local\Programs\MiKTeX\tex/latex/translator\translator.sty
Package: translator 2021-05-31 v1.12d Easy translation of strings in LaTeX
) (C:\Users\Finja\AppData\Local\Programs\MiKTeX\tex/latex/glossaries-german\glossaries-german.ldf
File: glossaries-german.ldf 2014/11/23 v1.0
) (C:\Users\Finja\AppData\Local\Programs\MiKTeX\tex/latex/datatool\datatool-base.sty
Package: datatool-base 2019/09/27 v2.32 (NLCT)
 (C:\Users\Finja\AppData\Local\Programs\MiKTeX\tex/latex/amsmath\amsmath.sty
Package: amsmath 2023/05/13 v2.17o AMS math features
\@mathmargin=\skip74

For additional information on amsmath, use the `?' option.
(C:\Users\Finja\AppData\Local\Programs\MiKTeX\tex/latex/amsmath\amstext.sty
Package: amstext 2021/08/26 v2.01 AMS text
) (C:\Users\Finja\AppData\Local\Programs\MiKTeX\tex/latex/amsmath\amsbsy.sty
Package: amsbsy 1999/11/29 v1.2d Bold Symbols
\pmbraise@=\dimen160
) (C:\Users\Finja\AppData\Local\Programs\MiKTeX\tex/latex/amsmath\amsopn.sty
Package: amsopn 2022/04/08 v2.04 operator names
)
\inf@bad=\count286
LaTeX Info: Redefining \frac on input line 234.
\uproot@=\count287
\leftroot@=\count288
LaTeX Info: Redefining \overline on input line 399.
LaTeX Info: Redefining \colon on input line 410.
\classnum@=\count289
\DOTSCASE@=\count290
LaTeX Info: Redefining \ldots on input line 496.
LaTeX Info: Redefining \dots on input line 499.
LaTeX Info: Redefining \cdots on input line 620.
\Mathstrutbox@=\box54
\strutbox@=\box55
LaTeX Info: Redefining \big on input line 722.
LaTeX Info: Redefining \Big on input line 723.
LaTeX Info: Redefining \bigg on input line 724.
LaTeX Info: Redefining \Bigg on input line 725.
\big@size=\dimen161
LaTeX Font Info:    Redeclaring font encoding OML on input line 743.
LaTeX Font Info:    Redeclaring font encoding OMS on input line 744.
\macc@depth=\count291
LaTeX Info: Redefining \bmod on input line 905.
LaTeX Info: Redefining \pmod on input line 910.
LaTeX Info: Redefining \smash on input line 940.
LaTeX Info: Redefining \relbar on input line 970.
LaTeX Info: Redefining \Relbar on input line 971.
\c@MaxMatrixCols=\count292
\dotsspace@=\muskip17
\c@parentequation=\count293
\dspbrk@lvl=\count294
\tag@help=\toks26
\row@=\count295
\column@=\count296
\maxfields@=\count297
\andhelp@=\toks27
\eqnshift@=\dimen162
\alignsep@=\dimen163
\tagshift@=\dimen164
\tagwidth@=\dimen165
\totwidth@=\dimen166
\lineht@=\dimen167
\@envbody=\toks28
\multlinegap=\skip75
\multlinetaggap=\skip76
\mathdisplay@stack=\toks29
LaTeX Info: Redefining \[ on input line 2953.
LaTeX Info: Redefining \] on input line 2954.
) (C:\Users\Finja\AppData\Local\Programs\MiKTeX\tex/latex/substr\substr.sty
Package: substr 2009/10/20 v1.2 Handle substrings
\c@su@anzahl=\count298
) (C:\Users\Finja\AppData\Local\Programs\MiKTeX\tex/latex/datatool\datatool-fp.sty
Package: datatool-fp 2019/09/27 v2.32 (NLCT)
 (C:\Users\Finja\AppData\Local\Programs\MiKTeX\tex/latex/fp\fp.sty
Package: fp 1995/04/02
 `Fixed Point Package', Version 0.8, April 2, 1995 (C) Michael Mehlich (C:\Users\Finja\AppData\Local\Programs\MiKTeX\tex/latex/fp\defpattern.sty
Package: defpattern 1994/10/12
\actioncount=\count299
) (C:\Users\Finja\AppData\Local\Programs\MiKTeX\tex/latex/fp\fp-basic.sty
Package: fp-basic 1996/05/13
\FP@xs=\count300
\FP@xia=\count301
\FP@xib=\count302
\FP@xfa=\count303
\FP@xfb=\count304
\FP@rega=\count305
\FP@regb=\count306
\FP@regs=\count307
\FP@times=\count308
) (C:\Users\Finja\AppData\Local\Programs\MiKTeX\tex/latex/fp\fp-addons.sty
Package: fp-addons 1995/03/15
) (C:\Users\Finja\AppData\Local\Programs\MiKTeX\tex/latex/fp\fp-snap.sty
Package: fp-snap 1995/04/05
) (C:\Users\Finja\AppData\Local\Programs\MiKTeX\tex/latex/fp\fp-exp.sty
Package: fp-exp 1995/04/03
) (C:\Users\Finja\AppData\Local\Programs\MiKTeX\tex/latex/fp\fp-trigo.sty
Package: fp-trigo 1995/04/14
) (C:\Users\Finja\AppData\Local\Programs\MiKTeX\tex/latex/fp\fp-pas.sty
Package: fp-pas 1994/08/29
) (C:\Users\Finja\AppData\Local\Programs\MiKTeX\tex/latex/fp\fp-random.sty
Package: fp-random 1995/02/23
\FPseed=\count309
) (C:\Users\Finja\AppData\Local\Programs\MiKTeX\tex/latex/fp\fp-eqn.sty
Package: fp-eqn 1995/04/03
) (C:\Users\Finja\AppData\Local\Programs\MiKTeX\tex/latex/fp\fp-upn.sty
Package: fp-upn 1996/10/21
) (C:\Users\Finja\AppData\Local\Programs\MiKTeX\tex/latex/fp\fp-eval.sty
Package: fp-eval 1995/04/03
)))
\@dtl@toks=\toks30
\@dtl@tmpcount=\count310
\dtl@tmplength=\skip77
\dtl@sortresult=\count311
\@dtl@numgrpsepcount=\count312
\@dtl@datatype=\count313
\dtl@codeA=\count314
\dtl@codeB=\count315
\@dtl@foreach@level=\count316
)
\gls@level=\count317
\@gls@tmpb=\toks31
\gls@tmplen=\skip78
\glskeylisttok=\toks32
\glslabeltok=\toks33
\glsshorttok=\toks34
\glslongtok=\toks35
 (C:\Users\Finja\AppData\Local\Programs\MiKTeX\tex/latex/glossaries/styles\glossary-hypernav.sty
Package: glossary-hypernav 2024/11/01 v4.55 (NLCT)
) (C:\Users\Finja\AppData\Local\Programs\MiKTeX\tex/latex/glossaries/styles\glossary-list.sty
Package: glossary-list 2024/11/01 v4.55 (NLCT)
\glslistdottedwidth=\skip79
) (C:\Users\Finja\AppData\Local\Programs\MiKTeX\tex/latex/glossaries/styles\glossary-long.sty
Package: glossary-long 2024/11/01 v4.55 (NLCT)
 (C:\Users\Finja\AppData\Local\Programs\MiKTeX\tex/latex/tools\longtable.sty
Package: longtable 2023-11-01 v4.19 Multi-page Table package (DPC)
\LTleft=\skip80
\LTright=\skip81
\LTpre=\skip82
\LTpost=\skip83
\LTchunksize=\count318
\LTcapwidth=\dimen168
\LT@head=\box56
\LT@firsthead=\box57
\LT@foot=\box58
\LT@lastfoot=\box59
\LT@gbox=\box60
\LT@cols=\count319
\LT@rows=\count320
\c@LT@tables=\count321
\c@LT@chunks=\count322
\LT@p@ftn=\toks36
)
Class scrbook Info: longtable captions redefined on input line 47.
\glsdescwidth=\skip84
\glspagelistwidth=\skip85
) (C:\Users\Finja\AppData\Local\Programs\MiKTeX\tex/latex/glossaries/styles\glossary-super.sty
Package: glossary-super 2024/11/01 v4.55 (NLCT)
 (C:\Users\Finja\AppData\Local\Programs\MiKTeX\tex/latex/supertabular\supertabular.sty
Package: supertabular 2024/07/20 v4.2c the supertabular environment
\c@tracingst=\count323
\ST@wd=\dimen169
\ST@rightskip=\skip86
\ST@leftskip=\skip87
\ST@parfillskip=\skip88
\ST@pageleft=\dimen170
\ST@headht=\dimen171
\ST@tailht=\dimen172
\ST@pagesofar=\dimen173
\ST@pboxht=\dimen174
\ST@rowht=\dimen175
\ST@prevht=\dimen176
\ST@toadd=\dimen177
\ST@dimen=\dimen178
\ST@pbox=\box61
)) (C:\Users\Finja\AppData\Local\Programs\MiKTeX\tex/latex/glossaries/styles\glossary-tree.sty
Package: glossary-tree 2024/11/01 v4.55 (NLCT)
\glstreeindent=\skip89
)) (C:\Users\Finja\AppData\Local\Programs\MiKTeX\tex/latex/listings\listings.sty
\lst@mode=\count324
\lst@gtempboxa=\box62
\lst@token=\toks37
\lst@length=\count325
\lst@currlwidth=\dimen179
\lst@column=\count326
\lst@pos=\count327
\lst@lostspace=\dimen180
\lst@width=\dimen181
\lst@newlines=\count328
\lst@lineno=\count329
\lst@maxwidth=\dimen182
 (C:\Users\Finja\AppData\Local\Programs\MiKTeX\tex/latex/listings\lstmisc.sty
File: lstmisc.sty 2023/02/27 1.9 (Carsten Heinz)
\c@lstnumber=\count330
\lst@skipnumbers=\count331
\lst@framebox=\box63
) (C:\Users\Finja\AppData\Local\Programs\MiKTeX\tex/latex/listings\listings.cfg
File: listings.cfg 2023/02/27 1.9 listings configuration
))
Package: listings 2023/02/27 1.9 (Carsten Heinz)
 (C:\Users\Finja\AppData\Local\Programs\MiKTeX\tex/latex/xcolor\xcolor.sty
Package: xcolor 2023/11/15 v3.01 LaTeX color extensions (UK)
 (C:\Users\Finja\AppData\Local\Programs\MiKTeX\tex/latex/graphics-cfg\color.cfg
File: color.cfg 2016/01/02 v1.6 sample color configuration
)
Package xcolor Info: Driver file: pdftex.def on input line 274.
 (C:\Users\Finja\AppData\Local\Programs\MiKTeX\tex/latex/graphics\mathcolor.ltx)
Package xcolor Info: Model `cmy' substituted by `cmy0' on input line 1350.
Package xcolor Info: Model `hsb' substituted by `rgb' on input line 1354.
Package xcolor Info: Model `RGB' extended on input line 1366.
Package xcolor Info: Model `HTML' substituted by `rgb' on input line 1368.
Package xcolor Info: Model `Hsb' substituted by `hsb' on input line 1369.
Package xcolor Info: Model `tHsb' substituted by `hsb' on input line 1370.
Package xcolor Info: Model `HSB' substituted by `hsb' on input line 1371.
Package xcolor Info: Model `Gray' substituted by `gray' on input line 1372.
Package xcolor Info: Model `wave' substituted by `hsb' on input line 1373.
)
Package hyperref Info: Option `colorlinks' set `true' on input line 50.
) (format.tex) (content/ZZ_Acronym.tex) (content/ZZ_Glossary.tex)
\glswrite=\write3
\glo@main@file=\write4
\openout4 = `main.glo'.

Package glossaries Info: Writing glossary file main.glo on input line 45.
\glo@acronym@file=\write5
\openout5 = `main.acn'.

Package glossaries Info: Writing glossary file main.acn on input line 45.
LaTeX Font Info:    Trying to load font information for T1+lmr on input line 47.
 (C:\Users\Finja\AppData\Local\Programs\MiKTeX\tex/latex/lm\t1lmr.fd
File: t1lmr.fd 2015/05/01 v1.6.1 Font defs for Latin Modern
) (C:\Users\Finja\AppData\Local\Programs\MiKTeX\tex/latex/l3backend\l3backend-pdftex.def
File: l3backend-pdftex.def 2024-01-04 L3 backend support: PDF output (pdfTeX)
\l__color_backend_stack_int=\count332
\l__pdf_internal_box=\box64
) (main.aux

LaTeX Warning: Label `lst:scanningCartesian' multiply defined.

)
\openout1 = `main.aux'.

LaTeX Font Info:    Checking defaults for OML/cmm/m/it on input line 47.
LaTeX Font Info:    ... okay on input line 47.
LaTeX Font Info:    Checking defaults for OMS/cmsy/m/n on input line 47.
LaTeX Font Info:    ... okay on input line 47.
LaTeX Font Info:    Checking defaults for OT1/cmr/m/n on input line 47.
LaTeX Font Info:    ... okay on input line 47.
LaTeX Font Info:    Checking defaults for T1/cmr/m/n on input line 47.
LaTeX Font Info:    ... okay on input line 47.
LaTeX Font Info:    Checking defaults for TS1/cmr/m/n on input line 47.
LaTeX Font Info:    ... okay on input line 47.
LaTeX Font Info:    Checking defaults for OMX/cmex/m/n on input line 47.
LaTeX Font Info:    ... okay on input line 47.
LaTeX Font Info:    Checking defaults for U/cmr/m/n on input line 47.
LaTeX Font Info:    ... okay on input line 47.
LaTeX Font Info:    Checking defaults for PD1/pdf/m/n on input line 47.
LaTeX Font Info:    ... okay on input line 47.
LaTeX Font Info:    Checking defaults for PU/pdf/m/n on input line 47.
LaTeX Font Info:    ... okay on input line 47.
 (C:\Users\Finja\AppData\Local\Programs\MiKTeX\tex/context/base/mkii\supp-pdf.mkii
[Loading MPS to PDF converter (version 2006.09.02).]
\scratchcounter=\count333
\scratchdimen=\dimen183
\scratchbox=\box65
\nofMPsegments=\count334
\nofMParguments=\count335
\everyMPshowfont=\toks38
\MPscratchCnt=\count336
\MPscratchDim=\dimen184
\MPnumerator=\count337
\makeMPintoPDFobject=\count338
\everyMPtoPDFconversion=\toks39
) (C:\Users\Finja\AppData\Local\Programs\MiKTeX\tex/latex/epstopdf-pkg\epstopdf-base.sty
Package: epstopdf-base 2020-01-24 v2.11 Base part for package epstopdf
Package epstopdf-base Info: Redefining graphics rule for `.eps' on input line 485.
 (C:\Users\Finja\AppData\Local\Programs\MiKTeX\tex/latex/00miktex\epstopdf-sys.cfg
File: epstopdf-sys.cfg 2021/03/18 v2.0 Configuration of epstopdf for MiKTeX
))
Package caption Info: Begin \AtBeginDocument code.
Package caption Info: hyperref package is loaded.
Package caption Info: listings package is loaded.
Package caption Info: longtable package is loaded.
 (C:\Users\Finja\AppData\Local\Programs\MiKTeX\tex/latex/caption\ltcaption.sty
Package: ltcaption 2021/01/08 v1.4c longtable captions (AR)
)
Package caption Info: supertabular package is loaded.
Package caption Info: End \AtBeginDocument code.
\c@maskedRefs=\count339
 (C:\Users\Finja\AppData\Local\Programs\MiKTeX\tex/latex/apacite\ngerman.apc
File: ngerman.apc 2013/07/21 v6.03 apacite language file
 (C:\Users\Finja\AppData\Local\Programs\MiKTeX\tex/latex/apacite\german.apc
File: german.apc 2013/07/21 v6.03 apacite language file
LaTeX Info: Redefining \BPBI on input line 142.
LaTeX Info: Redefining \BHBI on input line 143.
))
Package hyperref Info: Link coloring ON on input line 47.
 (main.out) (main.out)
\@outlinefile=\write6
\openout6 = `main.out'.

Class scrbook Info: loading recommended package `bookmark'.
(scrbook)           Using `bookmark' together with `hyperref' is recommended,
(scrbook)           because of handling of possible bookmark level gaps.
(scrbook)           You can avoid loading `bookmark' with KOMA-Script option
(scrbook)           `bookmarkpackage=false' before \begin{document} and
(scrbook)           you can avoid this message adding:
(scrbook)             \usepackage{bookmark}
(scrbook)           before \begin{document} on input line 47.
 (C:\Users\Finja\AppData\Local\Programs\MiKTeX\tex/latex/bookmark\bookmark.sty
Package: bookmark 2023-12-10 v1.31 PDF bookmarks (HO)
 (C:\Users\Finja\AppData\Local\Programs\MiKTeX\tex/latex/bookmark\bkm-pdftex.def
File: bkm-pdftex.def 2023-12-10 v1.31 bookmark driver for pdfTeX and luaTeX (HO)
\BKM@id=\count340
)) (C:\Users\Finja\AppData\Local\Programs\MiKTeX\tex/latex/glossaries-english\glossaries-dictionary-English.dict
Dictionary: glossaries-dictionary, Language: English 
) (C:\Users\Finja\AppData\Local\Programs\MiKTeX\tex/latex/glossaries-german\glossaries-dictionary-German.dict
Dictionary: glossaries-dictionary, Language: German 
)
\c@lstlisting=\count341
 (content/AA_Front/01_Title.tex
<images/th-logo.png, id=3, 374.39874pt x 135.50626pt>
File: images/th-logo.png Graphic file (type png)
<use images/th-logo.png>
Package pdftex.def Info: images/th-logo.png  used on input line 7.
(pdftex.def)             Requested size: 209.12778pt x 75.69067pt.
 [1

\openout3 = `main.ist'.




{C:/Users/Finja/AppData/Local/MiKTeX/fonts/map/pdftex/pdftex.map}{C:/Users/Finja/AppData/Local/Programs/MiKTeX/fonts/enc/dvips/lm/lm-ec.enc} <./images/th-logo.png>]) (content/AA_Front/02_Abstract.tex
chapter without number
LaTeX Font Info:    Trying to load font information for T1+lmss on input line 1.
(C:\Users\Finja\AppData\Local\Programs\MiKTeX\tex/latex/lm\t1lmss.fd
File: t1lmss.fd 2015/05/01 v1.6.1 Font defs for Latin Modern
)) (content/AA_Front/03_Kurzfassung.tex
LaTeX Font Info:    Trying to load font information for OT1+lmr on input line 1.
 (C:\Users\Finja\AppData\Local\Programs\MiKTeX\tex/latex/lm\ot1lmr.fd
File: ot1lmr.fd 2015/05/01 v1.6.1 Font defs for Latin Modern
)
LaTeX Font Info:    Trying to load font information for OML+lmm on input line 1.
 (C:\Users\Finja\AppData\Local\Programs\MiKTeX\tex/latex/lm\omllmm.fd
File: omllmm.fd 2015/05/01 v1.6.1 Font defs for Latin Modern
)
LaTeX Font Info:    Trying to load font information for OMS+lmsy on input line 1.
 (C:\Users\Finja\AppData\Local\Programs\MiKTeX\tex/latex/lm\omslmsy.fd
File: omslmsy.fd 2015/05/01 v1.6.1 Font defs for Latin Modern
)
LaTeX Font Info:    Trying to load font information for OMX+lmex on input line 1.
 (C:\Users\Finja\AppData\Local\Programs\MiKTeX\tex/latex/lm\omxlmex.fd
File: omxlmex.fd 2015/05/01 v1.6.1 Font defs for Latin Modern
)
LaTeX Font Info:    External font `lmex10' loaded for size
(Font)              <10.95> on input line 1.
LaTeX Font Info:    External font `lmex10' loaded for size
(Font)              <8> on input line 1.
LaTeX Font Info:    External font `lmex10' loaded for size
(Font)              <6> on input line 1.
 [1




]
chapter without number
) (content/AA_Front/04_Acknowledgement.tex [2


]
chapter without number
) [3


] (main.toc [4


] [5])
\tf@toc=\write7
\openout7 = `main.toc'.

 [6] (main.lof [7


])
\tf@lof=\write8
\openout8 = `main.lof'.

 [8] (main.lot)
\tf@lot=\write9
\openout9 = `main.lot'.


No file main.acr.
No file main.gls.
[9


] (content/01_Introduction.tex
chapter 1.
[1





]) (content/02_RelatedWork.tex [2]
chapter 2.
[3


]
<images/Mixed-Reality-Cont-NEW.png, id=317, 678.73575pt x 220.4235pt>
File: images/Mixed-Reality-Cont-NEW.png Graphic file (type png)
<use images/Mixed-Reality-Cont-NEW.png>
Package pdftex.def Info: images/Mixed-Reality-Cont-NEW.png  used on input line 28.
(pdftex.def)             Requested size: 397.34149pt x 129.0397pt.
 [4] [5 <./images/Mixed-Reality-Cont-NEW.png>] [6]
LaTeX Font Info:    Trying to load font information for TS1+lmr on input line 56.
 (C:\Users\Finja\AppData\Local\Programs\MiKTeX\tex/latex/lm\ts1lmr.fd
File: ts1lmr.fd 2015/05/01 v1.6.1 Font defs for Latin Modern
) [7{C:/Users/Finja/AppData/Local/Programs/MiKTeX/fonts/enc/dvips/lm/lm-ts1.enc}] [8] [9] [10] [11] [12] [13]
Overfull \hbox (13.39992pt too wide) in paragraph at lines 152--153
\T1/lmr/m/it/10.95 -attribute zu ver-wei-sen, die zur Ge-brauch-staug-lich-keit bei-tra-gen, wie Gebrauchstauglichkeits-
 []

<images/SUS.png, id=449, 447.17062pt x 507.39563pt>
File: images/SUS.png Graphic file (type png)
<use images/SUS.png>
Package pdftex.def Info: images/SUS.png  used on input line 165.
(pdftex.def)             Requested size: 397.34149pt x 450.86841pt.
<images/SUS-Interpretation.jpg, id=450, 356.61098pt x 133.28484pt>
File: images/SUS-Interpretation.jpg Graphic file (type jpg)
<use images/SUS-Interpretation.jpg>
Package pdftex.def Info: images/SUS-Interpretation.jpg  used on input line 172.
(pdftex.def)             Requested size: 397.34149pt x 148.51329pt.
[14] [15]
<images/UEQ.png, id=460, 392.21532pt x 528.47438pt>
File: images/UEQ.png Graphic file (type png)
<use images/UEQ.png>
Package pdftex.def Info: images/UEQ.png  used on input line 209.
(pdftex.def)             Requested size: 397.34149pt x 535.41606pt.


LaTeX Warning: Float too large for page by 4.01581pt on input line 212.

[16] [17]) (content/03_Concept.tex [18] [19] [20 <./images/SUS.png>] [21 <./images/SUS-Interpretation.jpg>] [22 <./images/UEQ.png>]
chapter 3.
[23


] [24] [25] [26] [27] [28] [29] [30] [31]
Overfull \hbox (34.7134pt too wide) in paragraph at lines 186--198
 [][] 
 []

[32] [33] [34] [35] [36] [37]
Overfull \hbox (27.96614pt too wide) in paragraph at lines 302--304
[]\T1/lmr/m/it/10.95 Erlernbarkeit: \T1/lmr/m/n/10.95 Bei-de Tran-si-tio-nen wer-den be-reits in ei-ner Viel-zahl be-kann-ter VR-Anwendungen
 []

[38] [39] [40] [41] [42]) (content/04_Implementation.tex [43]
chapter 4.
[44


] [45]
<images/FlussdiagrammArchitektur.png, id=687, 895.54575pt x 419.166pt>
File: images/FlussdiagrammArchitektur.png Graphic file (type png)
<use images/FlussdiagrammArchitektur.png>
Package pdftex.def Info: images/FlussdiagrammArchitektur.png  used on input line 39.
(pdftex.def)             Requested size: 418.25555pt x 195.76723pt.
 [46 <./images/FlussdiagrammArchitektur.png>] [47] [48] (C:\Users\Finja\AppData\Local\Programs\MiKTeX\tex/latex/listings\lstlang1.sty
File: lstlang1.sty 2023/02/27 1.9 listings language file
)
Package hyperref Info: bookmark level for unknown lstlisting defaults to 0 on input line 77.
LaTeX Font Info:    Trying to load font information for T1+lmtt on input line 77.
 (C:\Users\Finja\AppData\Local\Programs\MiKTeX\tex/latex/lm\t1lmtt.fd
File: t1lmtt.fd 2015/05/01 v1.6.1 Font defs for Latin Modern
) [49] [50] [51] [52] [53] [54] [55] [56]) (content/05_Evaluation.tex [57] [58]
chapter 5.
[59


] [60] [61] [62] [63] [64] [65]
<images/Results/SUS-Scores.png, id=894, 363.759pt x 226.665pt>
File: images/Results/SUS-Scores.png Graphic file (type png)
<use images/Results/SUS-Scores.png>
Package pdftex.def Info: images/Results/SUS-Scores.png  used on input line 156.
(pdftex.def)             Requested size: 272.81859pt x 169.99832pt.
<images/Results/Histogramm-SUS-Item.png, id=896, 360.693pt x 219.219pt>
File: images/Results/Histogramm-SUS-Item.png Graphic file (type png)
<use images/Results/Histogramm-SUS-Item.png>
Package pdftex.def Info: images/Results/Histogramm-SUS-Item.png  used on input line 167.
(pdftex.def)             Requested size: 198.67075pt x 120.74475pt.
<images/Results/Histogramm-SUS-Cartesian.png, id=897, 401.865pt x 221.19pt>
File: images/Results/Histogramm-SUS-Cartesian.png Graphic file (type png)
<use images/Results/Histogramm-SUS-Cartesian.png>
Package pdftex.def Info: images/Results/Histogramm-SUS-Cartesian.png  used on input line 173.
(pdftex.def)             Requested size: 204.94432pt x 112.80202pt.
 [66]
<images/Results/UEQ-Table-Means-Item.png, id=905, 243.67035pt x 101.9007pt>
File: images/Results/UEQ-Table-Means-Item.png Graphic file (type png)
<use images/Results/UEQ-Table-Means-Item.png>
Package pdftex.def Info: images/Results/UEQ-Table-Means-Item.png  used on input line 186.
(pdftex.def)             Requested size: 243.66974pt x 101.90044pt.
<images/Results/UEQ-Item.png, id=906, 334.632pt x 190.53pt>
File: images/Results/UEQ-Item.png Graphic file (type png)
<use images/Results/UEQ-Item.png>
Package pdftex.def Info: images/Results/UEQ-Item.png  used on input line 193.
(pdftex.def)             Requested size: 334.63118pt x 190.52953pt.
 [67 <./images/Results/SUS-Scores.png> <./images/Results/Histogramm-SUS-Item.png> <./images/Results/Histogramm-SUS-Cartesian.png>]
<images/Results/UEQ-Table-Means-Cartesian.png, id=916, 243.67035pt x 101.9007pt>
File: images/Results/UEQ-Table-Means-Cartesian.png Graphic file (type png)
<use images/Results/UEQ-Table-Means-Cartesian.png>
Package pdftex.def Info: images/Results/UEQ-Table-Means-Cartesian.png  used on input line 207.
(pdftex.def)             Requested size: 243.66974pt x 101.90044pt.
<images/Results/UEQ-Cartesian.png, id=917, 333.975pt x 191.187pt>
File: images/Results/UEQ-Cartesian.png Graphic file (type png)
<use images/Results/UEQ-Cartesian.png>
Package pdftex.def Info: images/Results/UEQ-Cartesian.png  used on input line 214.
(pdftex.def)             Requested size: 333.97418pt x 191.18652pt.
 [68 <./images/Results/UEQ-Table-Means-Item.png> <./images/Results/UEQ-Item.png>] [69 <./images/Results/UEQ-Table-Means-Cartesian.png> <./images/Results/UEQ-Cartesian.png>]
<images/Results/SSQ-Table-2.png, id=932, 455.301pt x 196.39372pt>
File: images/Results/SSQ-Table-2.png Graphic file (type png)
<use images/Results/SSQ-Table-2.png>
Package pdftex.def Info: images/Results/SSQ-Table-2.png  used on input line 228.
(pdftex.def)             Requested size: 397.34149pt x 171.39757pt.
<images/Results/Histogramm-SSQScores-Item.png, id=934, 392.229pt x 220.533pt>
File: images/Results/Histogramm-SSQScores-Item.png Graphic file (type png)
<use images/Results/Histogramm-SSQScores-Item.png>
Package pdftex.def Info: images/Results/Histogramm-SSQScores-Item.png  used on input line 239.
(pdftex.def)             Requested size: 207.03764pt x 116.41081pt.
<images/Results/Histogramm-SSQScores-Cartesian.png, id=935, 360.912pt x 221.19pt>
File: images/Results/Histogramm-SSQScores-Cartesian.png Graphic file (type png)
<use images/Results/Histogramm-SSQScores-Cartesian.png>
Package pdftex.def Info: images/Results/Histogramm-SSQScores-Cartesian.png  used on input line 245.
(pdftex.def)             Requested size: 207.03764pt x 126.88625pt.
<images/Results/Histogramm-Nausea-Scale-Item.png, id=936, 361.569pt x 220.533pt>
File: images/Results/Histogramm-Nausea-Scale-Item.png Graphic file (type png)
<use images/Results/Histogramm-Nausea-Scale-Item.png>
Package pdftex.def Info: images/Results/Histogramm-Nausea-Scale-Item.png  used on input line 261.
(pdftex.def)             Requested size: 207.03764pt x 126.28053pt.
<images/Results/Histogramm-Nausea-Scale-Cartesian.png, id=937, 361.569pt x 220.533pt>
File: images/Results/Histogramm-Nausea-Scale-Cartesian.png Graphic file (type png)
<use images/Results/Histogramm-Nausea-Scale-Cartesian.png>
Package pdftex.def Info: images/Results/Histogramm-Nausea-Scale-Cartesian.png  used on input line 267.
(pdftex.def)             Requested size: 207.03764pt x 126.28053pt.
 [70 <./images/Results/SSQ-Table-2.png>]
<images/Results/Histogramm-Oculomotor-Scale-Item.png, id=944, 361.569pt x 220.533pt>
File: images/Results/Histogramm-Oculomotor-Scale-Item.png Graphic file (type png)
<use images/Results/Histogramm-Oculomotor-Scale-Item.png>
Package pdftex.def Info: images/Results/Histogramm-Oculomotor-Scale-Item.png  used on input line 281.
(pdftex.def)             Requested size: 207.03764pt x 126.28053pt.
<images/Results/Histogramm-Oculomotor-Scale-Cartesian.png, id=945, 362.226pt x 221.628pt>
File: images/Results/Histogramm-Oculomotor-Scale-Cartesian.png Graphic file (type png)
<use images/Results/Histogramm-Oculomotor-Scale-Cartesian.png>
Package pdftex.def Info: images/Results/Histogramm-Oculomotor-Scale-Cartesian.png  used on input line 287.
(pdftex.def)             Requested size: 207.03764pt x 126.67758pt.
 [71 <./images/Results/Histogramm-SSQScores-Item.png> <./images/Results/Histogramm-SSQScores-Cartesian.png> <./images/Results/Histogramm-Nausea-Scale-Item.png> <./images/Results/Histogramm-Nausea-Scale-Cartesian.png>]
<images/Results/Histogramm-Disorientation-Scale-Item.png, id=955, 361.569pt x 220.752pt>
File: images/Results/Histogramm-Disorientation-Scale-Item.png Graphic file (type png)
<use images/Results/Histogramm-Disorientation-Scale-Item.png>
Package pdftex.def Info: images/Results/Histogramm-Disorientation-Scale-Item.png  used on input line 302.
(pdftex.def)             Requested size: 207.03764pt x 126.40593pt.
<images/Results/Histogramm-Disorientation-Scale-Cartesian.png, id=956, 362.007pt x 221.847pt>
File: images/Results/Histogramm-Disorientation-Scale-Cartesian.png Graphic file (type png)
<use images/Results/Histogramm-Disorientation-Scale-Cartesian.png>
Package pdftex.def Info: images/Results/Histogramm-Disorientation-Scale-Cartesian.png  used on input line 308.
(pdftex.def)             Requested size: 207.03764pt x 126.87723pt.
 [72 <./images/Results/Histogramm-Oculomotor-Scale-Item.png> <./images/Results/Histogramm-Oculomotor-Scale-Cartesian.png> <./images/Results/Histogramm-Disorientation-Scale-Item.png> <./images/Results/Histogramm-Disorientation-Scale-Cartesian.png>]
<images/Results/Fragen-zur-Presence-Ablenkung.png, id=967, 366.168pt x 228.198pt>
File: images/Results/Fragen-zur-Presence-Ablenkung.png Graphic file (type png)
<use images/Results/Fragen-zur-Presence-Ablenkung.png>
Package pdftex.def Info: images/Results/Fragen-zur-Presence-Ablenkung.png  used on input line 324.
(pdftex.def)             Requested size: 366.1671pt x 228.19743pt.
 [73 <./images/Results/Fragen-zur-Presence-Ablenkung.png>]
<images/Results/Benötigte-Zeit-Evaluationsabschnitte.png, id=974, 362.664pt x 227.979pt>
File: images/Results/Benötigte-Zeit-Evaluationsabschnitte.png Graphic file (type png)
<use images/Results/Benötigte-Zeit-Evaluationsabschnitte.png>
Package pdftex.def Info: images/Results/Benötigte-Zeit-Evaluationsabschnitte.png  used on input line 345.
(pdftex.def)             Requested size: 362.66312pt x 227.97844pt.
 [74 <./images/Results/Benötigte-Zeit-Evaluationsabschnitte.png>]
<images/Results/Interaktionsgeschwindigkeiten-Table.png, id=982, 455.301pt x 108.6459pt>
File: images/Results/Interaktionsgeschwindigkeiten-Table.png Graphic file (type png)
<use images/Results/Interaktionsgeschwindigkeiten-Table.png>
Package pdftex.def Info: images/Results/Interaktionsgeschwindigkeiten-Table.png  used on input line 357.
(pdftex.def)             Requested size: 397.34149pt x 94.81789pt.

Underfull \hbox (badness 3189) in paragraph at lines 358--358
[][][]|\T1/lmr/m/n/10.95 Ta-bel-le der In-ter-ak-ti-ons-ge-schwin-dig-kei-ten bei-der Ver-fah-ren nach
 []

<images/Results/Interaktionsgeschwindigkeiten.png, id=983, 362.007pt x 217.467pt>
File: images/Results/Interaktionsgeschwindigkeiten.png Graphic file (type png)
<use images/Results/Interaktionsgeschwindigkeiten.png>
Package pdftex.def Info: images/Results/Interaktionsgeschwindigkeiten.png  used on input line 364.
(pdftex.def)             Requested size: 313.69167pt x 188.44481pt.
[75 <./images/Results/Interaktionsgeschwindigkeiten-Table.png>]
<images/Results/Regressionskoeffizienten-Korrelation-Table-Lernkurve-Geschwindigkeit.png, id=991, 455.301pt x 99.79283pt>
File: images/Results/Regressionskoeffizienten-Korrelation-Table-Lernkurve-Geschwindigkeit.png Graphic file (type png)
<use images/Results/Regressionskoeffizienten-Korrelation-Table-Lernkurve-Geschwindigkeit.png>
Package pdftex.def Info: images/Results/Regressionskoeffizienten-Korrelation-Table-Lernkurve-Geschwindigkeit.png  used on input line 376.
(pdftex.def)             Requested size: 397.34149pt x 87.09161pt.
<images/Results/Zyklen-Item.png, id=993, 417.60014pt x 103.22565pt>
File: images/Results/Zyklen-Item.png Graphic file (type png)
<use images/Results/Zyklen-Item.png>
Package pdftex.def Info: images/Results/Zyklen-Item.png  used on input line 387.
(pdftex.def)             Requested size: 417.5991pt x 103.22537pt.
 [76 <./images/Results/Interaktionsgeschwindigkeiten.png> <./images/Results/Regressionskoeffizienten-Korrelation-Table-Lernkurve-Geschwindigkeit.png>]
<images/Results/Histogramm-Anzahl-Fehler-technisch-item.png, id=1003, 361.569pt x 217.029pt>
File: images/Results/Histogramm-Anzahl-Fehler-technisch-item.png Graphic file (type png)
<use images/Results/Histogramm-Anzahl-Fehler-technisch-item.png>
Package pdftex.def Info: images/Results/Histogramm-Anzahl-Fehler-technisch-item.png  used on input line 403.
(pdftex.def)             Requested size: 198.67075pt x 119.2504pt.
<images/Results/Histogramm-Anzahl-Fehler-inhalt-item.png, id=1004, 361.569pt x 217.029pt>
File: images/Results/Histogramm-Anzahl-Fehler-inhalt-item.png Graphic file (type png)
<use images/Results/Histogramm-Anzahl-Fehler-inhalt-item.png>
Package pdftex.def Info: images/Results/Histogramm-Anzahl-Fehler-inhalt-item.png  used on input line 409.
(pdftex.def)             Requested size: 198.67075pt x 119.2504pt.
 [77 <./images/Results/Zyklen-Item.png> <./images/Results/Histogramm-Anzahl-Fehler-technisch-item.png> <./images/Results/Histogramm-Anzahl-Fehler-inhalt-item.png>]
<images/Results/Gründe-Fehler-Item.png, id=1013, 362.664pt x 158.994pt>
File: images/Results/Gründe-Fehler-Item.png Graphic file (type png)
<use images/Results/Gründe-Fehler-Item.png>
Package pdftex.def Info: images/Results/Gründe-Fehler-Item.png  used on input line 422.
(pdftex.def)             Requested size: 362.66312pt x 158.9936pt.
<images/Results/Histogramm-Anzahl-Fehler-technisch-cartesian.png, id=1017, 361.569pt x 217.029pt>
File: images/Results/Histogramm-Anzahl-Fehler-technisch-cartesian.png Graphic file (type png)
<use images/Results/Histogramm-Anzahl-Fehler-technisch-cartesian.png>
Package pdftex.def Info: images/Results/Histogramm-Anzahl-Fehler-technisch-cartesian.png  used on input line 435.
(pdftex.def)             Requested size: 198.67075pt x 119.2504pt.
<images/Results/Histogramm-Anzahl-Fehler-inhalt-cartesian.png, id=1018, 361.569pt x 217.029pt>
File: images/Results/Histogramm-Anzahl-Fehler-inhalt-cartesian.png Graphic file (type png)
<use images/Results/Histogramm-Anzahl-Fehler-inhalt-cartesian.png>
Package pdftex.def Info: images/Results/Histogramm-Anzahl-Fehler-inhalt-cartesian.png  used on input line 441.
(pdftex.def)             Requested size: 198.67075pt x 119.2504pt.
 [78 <./images/Results/Gründe-Fehler-Item.png>]
<images/Results/Gründe-Fehler-Cartesian.png, id=1025, 423.546pt x 213.306pt>
File: images/Results/Gründe-Fehler-Cartesian.png Graphic file (type png)
<use images/Results/Gründe-Fehler-Cartesian.png>
Package pdftex.def Info: images/Results/Gründe-Fehler-Cartesian.png  used on input line 453.
(pdftex.def)             Requested size: 397.34149pt x 200.11383pt.
 [79 <./images/Results/Histogramm-Anzahl-Fehler-technisch-cartesian.png> <./images/Results/Histogramm-Anzahl-Fehler-inhalt-cartesian.png> <./images/Results/Gründe-Fehler-Cartesian.png>]
<images/Results/leereEingaben.png, id=1034, 320.03564pt x 103.22565pt>
File: images/Results/leereEingaben.png Graphic file (type png)
<use images/Results/leereEingaben.png>
Package pdftex.def Info: images/Results/leereEingaben.png  used on input line 463.
(pdftex.def)             Requested size: 320.03485pt x 103.22537pt.
<images/Results/Korrelation-Position-Geschwindigkeit-Table.png, id=1037, 452.28975pt x 78.49326pt>
File: images/Results/Korrelation-Position-Geschwindigkeit-Table.png Graphic file (type png)
<use images/Results/Korrelation-Position-Geschwindigkeit-Table.png>
Package pdftex.def Info: images/Results/Korrelation-Position-Geschwindigkeit-Table.png  used on input line 476.
(pdftex.def)             Requested size: 397.34149pt x 68.95808pt.
<images/Results/bubbleplot-technisch.png, id=1038, 722.7pt x 433.62pt>
File: images/Results/bubbleplot-technisch.png Graphic file (type png)
<use images/Results/bubbleplot-technisch.png>
Package pdftex.def Info: images/Results/bubbleplot-technisch.png  used on input line 485.
(pdftex.def)             Requested size: 198.67075pt x 119.20285pt.
<images/Results/bubbleplot-inhalt.png, id=1039, 722.7pt x 433.62pt>
File: images/Results/bubbleplot-inhalt.png Graphic file (type png)
<use images/Results/bubbleplot-inhalt.png>
Package pdftex.def Info: images/Results/bubbleplot-inhalt.png  used on input line 491.
(pdftex.def)             Requested size: 198.67075pt x 119.20285pt.
 [80 <./images/Results/leereEingaben.png> <./images/Results/Korrelation-Position-Geschwindigkeit-Table.png>]
<images/Results/Korrelationen-SSQ.png, id=1048, 455.301pt x 52.998pt>
File: images/Results/Korrelationen-SSQ.png Graphic file (type png)
<use images/Results/Korrelationen-SSQ.png>
Package pdftex.def Info: images/Results/Korrelationen-SSQ.png  used on input line 505.
(pdftex.def)             Requested size: 397.34149pt x 46.25262pt.
 [81 <./images/Results/bubbleplot-technisch.png> <./images/Results/bubbleplot-inhalt.png> <./images/Results/Korrelationen-SSQ.png>]
<images/Results/Korrelationen-Rest.png, id=1058, 455.301pt x 80.3pt>
File: images/Results/Korrelationen-Rest.png Graphic file (type png)
<use images/Results/Korrelationen-Rest.png>
Package pdftex.def Info: images/Results/Korrelationen-Rest.png  used on input line 518.
(pdftex.def)             Requested size: 397.34149pt x 70.07974pt.
<images/Results/EinsatzKopfbewegungen-Cartesian.png, id=1060, 439.533pt x 211.773pt>
File: images/Results/EinsatzKopfbewegungen-Cartesian.png Graphic file (type png)
<use images/Results/EinsatzKopfbewegungen-Cartesian.png>
Package pdftex.def Info: images/Results/EinsatzKopfbewegungen-Cartesian.png  used on input line 531.
(pdftex.def)             Requested size: 334.60571pt x 161.21733pt.
 [82 <./images/Results/Korrelationen-Rest.png>]
<images/Results/ScanRate.png, id=1067, 362.007pt x 217.467pt>
File: images/Results/ScanRate.png Graphic file (type png)
<use images/Results/ScanRate.png>
Package pdftex.def Info: images/Results/ScanRate.png  used on input line 544.
(pdftex.def)             Requested size: 313.69167pt x 188.44481pt.

Overfull \hbox (4.66406pt too wide) in paragraph at lines 551--552
\T1/lmr/m/n/10.95 zo-gen sich auf das Item Scan-ning. Drei Test-per-so-nen kri-ti-sier-ten die Scanning-Reihenfolge,
 []

[83 <./images/Results/EinsatzKopfbewegungen-Cartesian.png>] [84 <./images/Results/ScanRate.png>]) (content/06_Discussion.tex [85]
chapter 6.
[86


]
<images/Hauskatze_langhaar.jpg, id=1091, 2296.58pt x 1718.42pt>
File: images/Hauskatze_langhaar.jpg Graphic file (type jpg)
<use images/Hauskatze_langhaar.jpg>
Package pdftex.def Info: images/Hauskatze_langhaar.jpg  used on input line 48.
(pdftex.def)             Requested size: 209.12778pt x 156.46037pt.
 [87 <./images/Hauskatze_langhaar.jpg>]) (main.bbl [88{C:/Users/Finja/AppData/Local/Programs/MiKTeX/fonts/enc/dvips/lm/lm-rm.enc}{C:/Users/Finja/AppData/Local/Programs/MiKTeX/fonts/enc/dvips/lm/lm-mathit.enc}{C:/Users/Finja/AppData/Local/Programs/MiKTeX/fonts/enc/dvips/lm/lm-mathex.enc}]
chapter without number

Underfull \hbox (badness 7344) in paragraph at lines 14--21
\T1/lmr/m/n/10.95 In-ter-ak-ti-ons-prin-zi-pi-en (ISO_9241-110:2020); Deut-sche Fas-sung EN_iso_9241-
 []


Underfull \hbox (badness 10000) in paragraph at lines 31--38
\T1/lmtt/m/n/10.95 .de / inbvg / projekte / bildungsforschung / virtual [] -reality [] -basierte [] -digital []
 []


Underfull \hbox (badness 10000) in paragraph at lines 31--38
\T1/lmtt/m/n/10.95 -reusable [] -learning [] -objects [] -in [] -der [] -pflegeausbildung / ueber [] -dasprojekt$[][]\T1/lmr/m/n/10.95 .
 []

[89


{C:/Users/Finja/AppData/Local/Programs/MiKTeX/fonts/enc/dvips/lm/lm-mathsy.enc}]
Underfull \hbox (badness 10000) in paragraph at lines 116--124
[][]$\T1/lmtt/m/n/10.95 https :// support [] .google [] .com / accessibility / android / answer / 6395627 [] ?hl =
 []

[90] [91]
Underfull \hbox (badness 1412) in paragraph at lines 246--256
[]\T1/lmr/m/n/10.95 Gary E. Ric-cio and Tho-mas A. Stoffre-gen.  An eco-lo-gi-cal Theo-ry of Mo-ti-on
 []


Underfull \hbox (badness 1527) in paragraph at lines 246--256
\T1/lmr/m/n/10.95 ber 1991.  ISSN 1040-7413.  $10 [] .1207 / s15326969eco0303 [] []2$.  URL [][]$\T1/lmtt/m/n/10.95 https ://
 []


Underfull \hbox (badness 4556) in paragraph at lines 246--256
\T1/lmtt/m/n/10.95 doi [] .org / 10 [] .1207 / s15326969eco0303 [] []2$[][]\T1/lmr/m/n/10.95 .  Pu-blis-her: Rout-led-ge _eprint: htt-
 []


Underfull \hbox (badness 2197) in paragraph at lines 269--282
\T1/lmr/m/n/10.95 .00096$.  URL [][]$\T1/lmtt/m/n/10.95 https :// www [] .frontiersin [] .org / journals / human [] -neuroscience /
 []

[92]) (content/XX_Back/Anhang/appendix.tex [93]
chapter A.
[94


]
chapter B.
[95




]) (content/XX_Back/Versicherung.tex
chapter without number
chapter without number

Underfull \hbox (badness 10000) in paragraph at lines 10--11

 []

[96






]) [97] (main.aux)
 ***********
LaTeX2e <2023-11-01> patch level 1
L3 programming layer <2024-01-04>
 ***********


LaTeX Warning: There were multiply-defined labels.

Package rerunfilecheck Info: File `main.out' has not changed.
(rerunfilecheck)             Checksum: D41D8CD98F00B204E9800998ECF8427E;0.
 ) 
Here is how much of TeX's memory you used:
 27958 strings out of 474486
 537639 string characters out of 5743756
 2219542 words of memory out of 5000000
 49393 multiletter control sequences out of 15000+600000
 616900 words of font info for 68 fonts, out of 8000000 for 9000
 1141 hyphenation exceptions out of 8191
 108i,20n,107p,10953b,2289s stack positions out of 10000i,1000n,20000p,200000b,200000s

pdfTeX warning (dest): name{glo:lcm} has been referenced but does not exist, replaced by a fixed one


pdfTeX warning (dest): name{glo:gcd} has been referenced but does not exist, replaced by a fixed one


pdfTeX warning (dest): name{glo:formula} has been referenced but does not exist, replaced by a fixed one


pdfTeX warning (dest): name{glo:maths} has been referenced but does not exist, replaced by a fixed one


pdfTeX warning (dest): name{glo:latex} has been referenced but does not exist, replaced by a fixed one

<C:/Users/Finja/AppData/Local/Programs/MiKTeX/fonts/type1/public/lm/lmbx10.pfb><C:/Users/Finja/AppData/Local/Programs/MiKTeX/fonts/type1/public/lm/lmex10.pfb><C:/Users/Finja/AppData/Local/Programs/MiKTeX/fonts/type1/public/lm/lmmi10.pfb><C:/Users/Finja/AppData/Local/Programs/MiKTeX/fonts/type1/public/lm/lmr10.pfb><C:/Users/Finja/AppData/Local/Programs/MiKTeX/fonts/type1/public/lm/lmr12.pfb><C:/Users/Finja/AppData/Local/Programs/MiKTeX/fonts/type1/public/lm/lmr17.pfb><C:/Users/Finja/AppData/Local/Programs/MiKTeX/fonts/type1/public/lm/lmr6.pfb><C:/Users/Finja/AppData/Local/Programs/MiKTeX/fonts/type1/public/lm/lmr8.pfb><C:/Users/Finja/AppData/Local/Programs/MiKTeX/fonts/type1/public/lm/lmri10.pfb><C:/Users/Finja/AppData/Local/Programs/MiKTeX/fonts/type1/public/lm/lmro10.pfb><C:/Users/Finja/AppData/Local/Programs/MiKTeX/fonts/type1/public/lm/lmssbx10.pfb><C:/Users/Finja/AppData/Local/Programs/MiKTeX/fonts/type1/public/lm/lmsy10.pfb><C:/Users/Finja/AppData/Local/Programs/MiKTeX/fonts/type1/public/lm/lmtt10.pfb><C:/Users/Finja/AppData/Local/Programs/MiKTeX/fonts/type1/public/lm/lmtt9.pfb>
Output written on main.pdf (107 pages, 5149733 bytes).
PDF statistics:
 1591 PDF objects out of 1728 (max. 8388607)
 399 named destinations out of 1000 (max. 500000)
 744 words of extra memory for PDF output out of 10000 (max. 10000000)

